2022-09-07 11:04:49,600 [Worker-6: Loading available Gradle versions] INFO  o.e.b.c.i.u.g.PublishedGradleVersions - Gradle version information cache is up-to-date. Trying to read.
2022-09-07 11:06:08,004 [Worker-9: Importing Maven projects] INFO  o.e.m.c.i.l.LifecycleMappingFactory - Using org.eclipse.m2e.jdt.JarLifecycleMapping lifecycle mapping for MavenProject: com.devsuperior:dscatalog:0.0.1-SNAPSHOT @ C:\projeto\ws-devsuperior\backend\pom.xml.
2022-09-07 11:06:09,368 [Worker-9: Importing Maven projects] INFO  o.e.m.j.i.AbstractJavaProjectConfigurator - Adding source folder /dscatalog/src/main/java
2022-09-07 11:06:09,369 [Worker-9: Importing Maven projects] INFO  o.e.m.j.i.AbstractJavaProjectConfigurator - Adding resource folder /dscatalog/src/main/resources
2022-09-07 11:06:09,372 [Worker-9: Importing Maven projects] INFO  o.e.m.j.i.AbstractJavaProjectConfigurator - Adding resource folder /dscatalog/src/main/resources
2022-09-07 11:06:09,375 [Worker-9: Importing Maven projects] INFO  o.e.m.j.i.AbstractJavaProjectConfigurator - Adding source folder /dscatalog/src/test/java
2022-09-07 11:06:11,099 [Worker-9: Importing Maven projects] INFO  o.e.m.c.i.p.ProjectConfigurationManager - Imported and configured 1 project(s) in 4 sec
2022-09-07 11:06:13,350 [Worker-7: Building] INFO  o.e.m.c.i.embedder.EclipseLogger - Using 'UTF-8' encoding to copy filtered resources.
2022-09-07 11:06:13,350 [Worker-7: Building] INFO  o.e.m.c.i.embedder.EclipseLogger - Using 'UTF-8' encoding to copy filtered properties files.
2022-09-07 11:06:13,354 [Worker-7: Building] INFO  o.e.m.c.i.embedder.EclipseLogger - Copying 2 resources
2022-09-07 11:06:13,374 [Worker-7: Building] INFO  o.e.m.c.i.embedder.EclipseLogger - Copying 1 resource
2022-09-07 11:06:13,379 [Worker-7: Building] INFO  o.e.m.c.i.embedder.EclipseLogger - Using 'UTF-8' encoding to copy filtered resources.
2022-09-07 11:06:13,379 [Worker-7: Building] INFO  o.e.m.c.i.embedder.EclipseLogger - Using 'UTF-8' encoding to copy filtered properties files.
2022-09-07 11:06:13,379 [Worker-7: Building] INFO  o.e.m.c.i.embedder.EclipseLogger - skip non existing resourceDirectory C:\projeto\ws-devsuperior\backend\src\test\resources
2022-09-07 11:08:02,401 [Worker-2: Building] INFO  o.e.m.c.i.embedder.EclipseLogger - Using 'UTF-8' encoding to copy filtered resources.
2022-09-07 11:08:02,401 [Worker-2: Building] INFO  o.e.m.c.i.embedder.EclipseLogger - Using 'UTF-8' encoding to copy filtered properties files.
2022-09-07 11:08:02,403 [Worker-2: Building] INFO  o.e.m.c.i.embedder.EclipseLogger - Copying 0 resource
2022-09-07 11:08:02,403 [Worker-2: Building] INFO  o.e.m.c.i.embedder.EclipseLogger - Copying 0 resource
2022-09-07 11:08:02,405 [Worker-2: Building] INFO  o.e.m.c.i.embedder.EclipseLogger - Using 'UTF-8' encoding to copy filtered resources.
2022-09-07 11:08:02,405 [Worker-2: Building] INFO  o.e.m.c.i.embedder.EclipseLogger - Using 'UTF-8' encoding to copy filtered properties files.
2022-09-07 11:08:02,405 [Worker-2: Building] INFO  o.e.m.c.i.embedder.EclipseLogger - skip non existing resourceDirectory C:\projeto\ws-devsuperior\backend\src\test\resources
2022-09-07 12:14:45,518 [Worker-16: Launching dscatalog - DscatalogApplication] INFO  o.e.m.c.i.embedder.EclipseLogger - Using 'UTF-8' encoding to copy filtered resources.
2022-09-07 12:14:45,520 [Worker-16: Launching dscatalog - DscatalogApplication] INFO  o.e.m.c.i.embedder.EclipseLogger - Using 'UTF-8' encoding to copy filtered properties files.
2022-09-07 12:14:45,522 [Worker-16: Launching dscatalog - DscatalogApplication] INFO  o.e.m.c.i.embedder.EclipseLogger - Copying 2 resources
2022-09-07 12:14:45,535 [Worker-16: Launching dscatalog - DscatalogApplication] INFO  o.e.m.c.i.embedder.EclipseLogger - Copying 1 resource
2022-09-07 12:14:45,537 [Worker-16: Launching dscatalog - DscatalogApplication] INFO  o.e.m.c.i.embedder.EclipseLogger - Using 'UTF-8' encoding to copy filtered resources.
2022-09-07 12:14:45,537 [Worker-16: Launching dscatalog - DscatalogApplication] INFO  o.e.m.c.i.embedder.EclipseLogger - Using 'UTF-8' encoding to copy filtered properties files.
2022-09-07 12:14:45,537 [Worker-16: Launching dscatalog - DscatalogApplication] INFO  o.e.m.c.i.embedder.EclipseLogger - skip non existing resourceDirectory C:\projeto\ws-devsuperior\backend\src\test\resources
2022-09-07 12:16:14,829 [Worker-17: Launching dscatalog - DscatalogApplication] INFO  o.e.m.c.i.embedder.EclipseLogger - Using 'UTF-8' encoding to copy filtered resources.
2022-09-07 12:16:14,829 [Worker-17: Launching dscatalog - DscatalogApplication] INFO  o.e.m.c.i.embedder.EclipseLogger - Using 'UTF-8' encoding to copy filtered properties files.
2022-09-07 12:16:14,830 [Worker-17: Launching dscatalog - DscatalogApplication] INFO  o.e.m.c.i.embedder.EclipseLogger - Copying 2 resources
2022-09-07 12:16:14,840 [Worker-17: Launching dscatalog - DscatalogApplication] INFO  o.e.m.c.i.embedder.EclipseLogger - Copying 1 resource
2022-09-07 12:16:14,842 [Worker-17: Launching dscatalog - DscatalogApplication] INFO  o.e.m.c.i.embedder.EclipseLogger - Using 'UTF-8' encoding to copy filtered resources.
2022-09-07 12:16:14,842 [Worker-17: Launching dscatalog - DscatalogApplication] INFO  o.e.m.c.i.embedder.EclipseLogger - Using 'UTF-8' encoding to copy filtered properties files.
2022-09-07 12:16:14,842 [Worker-17: Launching dscatalog - DscatalogApplication] INFO  o.e.m.c.i.embedder.EclipseLogger - skip non existing resourceDirectory C:\projeto\ws-devsuperior\backend\src\test\resources
2022-09-07 12:26:46,811 [Worker-31: Building] INFO  o.e.m.c.i.embedder.EclipseLogger - Using 'UTF-8' encoding to copy filtered resources.
2022-09-07 12:26:46,811 [Worker-31: Building] INFO  o.e.m.c.i.embedder.EclipseLogger - Using 'UTF-8' encoding to copy filtered properties files.
2022-09-07 12:26:46,812 [Worker-31: Building] INFO  o.e.m.c.i.embedder.EclipseLogger - Copying 0 resource
2022-09-07 12:26:46,813 [Worker-31: Building] INFO  o.e.m.c.i.embedder.EclipseLogger - Copying 1 resource
2022-09-07 12:26:46,817 [Worker-31: Building] INFO  o.e.m.c.i.embedder.EclipseLogger - Using 'UTF-8' encoding to copy filtered resources.
2022-09-07 12:26:46,817 [Worker-31: Building] INFO  o.e.m.c.i.embedder.EclipseLogger - Using 'UTF-8' encoding to copy filtered properties files.
2022-09-07 12:26:46,817 [Worker-31: Building] INFO  o.e.m.c.i.embedder.EclipseLogger - skip non existing resourceDirectory C:\projeto\ws-devsuperior\backend\src\test\resources
2022-09-07 12:38:07,382 [Worker-37: Building] INFO  o.e.m.c.i.embedder.EclipseLogger - Using 'UTF-8' encoding to copy filtered resources.
2022-09-07 12:38:07,383 [Worker-37: Building] INFO  o.e.m.c.i.embedder.EclipseLogger - Using 'UTF-8' encoding to copy filtered properties files.
2022-09-07 12:38:07,383 [Worker-37: Building] INFO  o.e.m.c.i.embedder.EclipseLogger - Copying 0 resource
2022-09-07 12:38:07,383 [Worker-37: Building] INFO  o.e.m.c.i.embedder.EclipseLogger - Copying 0 resource
2022-09-07 12:38:07,385 [Worker-37: Building] INFO  o.e.m.c.i.embedder.EclipseLogger - Using 'UTF-8' encoding to copy filtered resources.
2022-09-07 12:38:07,385 [Worker-37: Building] INFO  o.e.m.c.i.embedder.EclipseLogger - Using 'UTF-8' encoding to copy filtered properties files.
2022-09-07 12:38:07,385 [Worker-37: Building] INFO  o.e.m.c.i.embedder.EclipseLogger - skip non existing resourceDirectory C:\projeto\ws-devsuperior\backend\src\test\resources
2022-09-07 12:38:08,468 [Worker-36: Building] INFO  o.e.m.c.i.embedder.EclipseLogger - Using 'UTF-8' encoding to copy filtered resources.
2022-09-07 12:38:08,468 [Worker-36: Building] INFO  o.e.m.c.i.embedder.EclipseLogger - Using 'UTF-8' encoding to copy filtered properties files.
2022-09-07 12:38:08,468 [Worker-36: Building] INFO  o.e.m.c.i.embedder.EclipseLogger - Copying 0 resource
2022-09-07 12:38:08,468 [Worker-36: Building] INFO  o.e.m.c.i.embedder.EclipseLogger - Copying 0 resource
2022-09-07 12:38:08,470 [Worker-36: Building] INFO  o.e.m.c.i.embedder.EclipseLogger - Using 'UTF-8' encoding to copy filtered resources.
2022-09-07 12:38:08,470 [Worker-36: Building] INFO  o.e.m.c.i.embedder.EclipseLogger - Using 'UTF-8' encoding to copy filtered properties files.
2022-09-07 12:38:08,470 [Worker-36: Building] INFO  o.e.m.c.i.embedder.EclipseLogger - skip non existing resourceDirectory C:\projeto\ws-devsuperior\backend\src\test\resources
2022-09-07 12:38:28,243 [Worker-38: Building] INFO  o.e.m.c.i.embedder.EclipseLogger - Using 'UTF-8' encoding to copy filtered resources.
2022-09-07 12:38:28,243 [Worker-38: Building] INFO  o.e.m.c.i.embedder.EclipseLogger - Using 'UTF-8' encoding to copy filtered properties files.
2022-09-07 12:38:28,244 [Worker-38: Building] INFO  o.e.m.c.i.embedder.EclipseLogger - Copying 0 resource
2022-09-07 12:38:28,244 [Worker-38: Building] INFO  o.e.m.c.i.embedder.EclipseLogger - Copying 0 resource
2022-09-07 12:38:28,246 [Worker-38: Building] INFO  o.e.m.c.i.embedder.EclipseLogger - Using 'UTF-8' encoding to copy filtered resources.
2022-09-07 12:38:28,246 [Worker-38: Building] INFO  o.e.m.c.i.embedder.EclipseLogger - Using 'UTF-8' encoding to copy filtered properties files.
2022-09-07 12:38:28,246 [Worker-38: Building] INFO  o.e.m.c.i.embedder.EclipseLogger - skip non existing resourceDirectory C:\projeto\ws-devsuperior\backend\src\test\resources
2022-09-07 12:39:39,989 [Worker-38: Building] INFO  o.e.m.c.i.embedder.EclipseLogger - Using 'UTF-8' encoding to copy filtered resources.
2022-09-07 12:39:39,990 [Worker-38: Building] INFO  o.e.m.c.i.embedder.EclipseLogger - Using 'UTF-8' encoding to copy filtered properties files.
2022-09-07 12:39:39,990 [Worker-38: Building] INFO  o.e.m.c.i.embedder.EclipseLogger - Copying 0 resource
2022-09-07 12:39:39,990 [Worker-38: Building] INFO  o.e.m.c.i.embedder.EclipseLogger - Copying 0 resource
2022-09-07 12:39:39,993 [Worker-38: Building] INFO  o.e.m.c.i.embedder.EclipseLogger - Using 'UTF-8' encoding to copy filtered resources.
2022-09-07 12:39:39,994 [Worker-38: Building] INFO  o.e.m.c.i.embedder.EclipseLogger - Using 'UTF-8' encoding to copy filtered properties files.
2022-09-07 12:39:39,994 [Worker-38: Building] INFO  o.e.m.c.i.embedder.EclipseLogger - skip non existing resourceDirectory C:\projeto\ws-devsuperior\backend\src\test\resources
2022-09-07 12:39:44,674 [Worker-40: Building] INFO  o.e.m.c.i.embedder.EclipseLogger - Using 'UTF-8' encoding to copy filtered resources.
2022-09-07 12:39:44,675 [Worker-40: Building] INFO  o.e.m.c.i.embedder.EclipseLogger - Using 'UTF-8' encoding to copy filtered properties files.
2022-09-07 12:39:44,675 [Worker-40: Building] INFO  o.e.m.c.i.embedder.EclipseLogger - Copying 0 resource
2022-09-07 12:39:44,675 [Worker-40: Building] INFO  o.e.m.c.i.embedder.EclipseLogger - Copying 0 resource
2022-09-07 12:39:44,678 [Worker-40: Building] INFO  o.e.m.c.i.embedder.EclipseLogger - Using 'UTF-8' encoding to copy filtered resources.
2022-09-07 12:39:44,678 [Worker-40: Building] INFO  o.e.m.c.i.embedder.EclipseLogger - Using 'UTF-8' encoding to copy filtered properties files.
2022-09-07 12:39:44,678 [Worker-40: Building] INFO  o.e.m.c.i.embedder.EclipseLogger - skip non existing resourceDirectory C:\projeto\ws-devsuperior\backend\src\test\resources
2022-09-07 12:41:13,727 [Worker-0: Loading available Gradle versions] INFO  o.e.b.c.i.u.g.PublishedGradleVersions - Gradle version information cache is up-to-date. Trying to read.
2022-09-07 13:05:49,126 [Worker-0: Loading available Gradle versions] INFO  o.e.b.c.i.u.g.PublishedGradleVersions - Gradle version information cache is up-to-date. Trying to read.
2022-09-07 13:14:53,357 [Worker-12: Launching dscatalog - DscatalogApplication] INFO  o.e.m.c.i.embedder.EclipseLogger - Using 'UTF-8' encoding to copy filtered resources.
2022-09-07 13:14:53,358 [Worker-12: Launching dscatalog - DscatalogApplication] INFO  o.e.m.c.i.embedder.EclipseLogger - Using 'UTF-8' encoding to copy filtered properties files.
2022-09-07 13:14:53,363 [Worker-12: Launching dscatalog - DscatalogApplication] INFO  o.e.m.c.i.embedder.EclipseLogger - Copying 2 resources
2022-09-07 13:14:53,385 [Worker-12: Launching dscatalog - DscatalogApplication] INFO  o.e.m.c.i.embedder.EclipseLogger - Copying 1 resource
2022-09-07 13:14:53,389 [Worker-12: Launching dscatalog - DscatalogApplication] INFO  o.e.m.c.i.embedder.EclipseLogger - Using 'UTF-8' encoding to copy filtered resources.
2022-09-07 13:14:53,389 [Worker-12: Launching dscatalog - DscatalogApplication] INFO  o.e.m.c.i.embedder.EclipseLogger - Using 'UTF-8' encoding to copy filtered properties files.
2022-09-07 13:14:53,389 [Worker-12: Launching dscatalog - DscatalogApplication] INFO  o.e.m.c.i.embedder.EclipseLogger - skip non existing resourceDirectory C:\projeto\ws-devsuperior\backend\src\test\resources
2022-09-07 15:52:59,784 [Worker-23: Launching dscatalog - DscatalogApplication] INFO  o.e.m.c.i.embedder.EclipseLogger - Using 'UTF-8' encoding to copy filtered resources.
2022-09-07 15:52:59,784 [Worker-23: Launching dscatalog - DscatalogApplication] INFO  o.e.m.c.i.embedder.EclipseLogger - Using 'UTF-8' encoding to copy filtered properties files.
2022-09-07 15:52:59,787 [Worker-23: Launching dscatalog - DscatalogApplication] INFO  o.e.m.c.i.embedder.EclipseLogger - Copying 2 resources
2022-09-07 15:52:59,798 [Worker-23: Launching dscatalog - DscatalogApplication] INFO  o.e.m.c.i.embedder.EclipseLogger - Copying 1 resource
2022-09-07 15:52:59,801 [Worker-23: Launching dscatalog - DscatalogApplication] INFO  o.e.m.c.i.embedder.EclipseLogger - Using 'UTF-8' encoding to copy filtered resources.
2022-09-07 15:52:59,801 [Worker-23: Launching dscatalog - DscatalogApplication] INFO  o.e.m.c.i.embedder.EclipseLogger - Using 'UTF-8' encoding to copy filtered properties files.
2022-09-07 15:52:59,801 [Worker-23: Launching dscatalog - DscatalogApplication] INFO  o.e.m.c.i.embedder.EclipseLogger - skip non existing resourceDirectory C:\projeto\ws-devsuperior\backend\src\test\resources
2022-09-07 15:57:03,839 [Worker-23: Launching dscatalog - DscatalogApplication] INFO  o.e.m.c.i.embedder.EclipseLogger - Using 'UTF-8' encoding to copy filtered resources.
2022-09-07 15:57:03,839 [Worker-23: Launching dscatalog - DscatalogApplication] INFO  o.e.m.c.i.embedder.EclipseLogger - Using 'UTF-8' encoding to copy filtered properties files.
2022-09-07 15:57:03,840 [Worker-23: Launching dscatalog - DscatalogApplication] INFO  o.e.m.c.i.embedder.EclipseLogger - Copying 2 resources
2022-09-07 15:57:03,855 [Worker-23: Launching dscatalog - DscatalogApplication] INFO  o.e.m.c.i.embedder.EclipseLogger - Copying 1 resource
2022-09-07 15:57:03,871 [Worker-23: Launching dscatalog - DscatalogApplication] INFO  o.e.m.c.i.embedder.EclipseLogger - Using 'UTF-8' encoding to copy filtered resources.
2022-09-07 15:57:03,871 [Worker-23: Launching dscatalog - DscatalogApplication] INFO  o.e.m.c.i.embedder.EclipseLogger - Using 'UTF-8' encoding to copy filtered properties files.
2022-09-07 15:57:03,871 [Worker-23: Launching dscatalog - DscatalogApplication] INFO  o.e.m.c.i.embedder.EclipseLogger - skip non existing resourceDirectory C:\projeto\ws-devsuperior\backend\src\test\resources
2022-09-07 16:05:19,160 [Worker-32: Launching dscatalog - DscatalogApplication] INFO  o.e.m.c.i.embedder.EclipseLogger - Using 'UTF-8' encoding to copy filtered resources.
2022-09-07 16:05:19,160 [Worker-32: Launching dscatalog - DscatalogApplication] INFO  o.e.m.c.i.embedder.EclipseLogger - Using 'UTF-8' encoding to copy filtered properties files.
2022-09-07 16:05:19,161 [Worker-32: Launching dscatalog - DscatalogApplication] INFO  o.e.m.c.i.embedder.EclipseLogger - Copying 2 resources
2022-09-07 16:05:19,172 [Worker-32: Launching dscatalog - DscatalogApplication] INFO  o.e.m.c.i.embedder.EclipseLogger - Copying 1 resource
2022-09-07 16:05:19,174 [Worker-32: Launching dscatalog - DscatalogApplication] INFO  o.e.m.c.i.embedder.EclipseLogger - Using 'UTF-8' encoding to copy filtered resources.
2022-09-07 16:05:19,175 [Worker-32: Launching dscatalog - DscatalogApplication] INFO  o.e.m.c.i.embedder.EclipseLogger - Using 'UTF-8' encoding to copy filtered properties files.
2022-09-07 16:05:19,175 [Worker-32: Launching dscatalog - DscatalogApplication] INFO  o.e.m.c.i.embedder.EclipseLogger - skip non existing resourceDirectory C:\projeto\ws-devsuperior\backend\src\test\resources
2022-09-07 16:09:45,894 [Worker-34: Launching dscatalog - DscatalogApplication] INFO  o.e.m.c.i.embedder.EclipseLogger - Using 'UTF-8' encoding to copy filtered resources.
2022-09-07 16:09:45,895 [Worker-34: Launching dscatalog - DscatalogApplication] INFO  o.e.m.c.i.embedder.EclipseLogger - Using 'UTF-8' encoding to copy filtered properties files.
2022-09-07 16:09:45,896 [Worker-34: Launching dscatalog - DscatalogApplication] INFO  o.e.m.c.i.embedder.EclipseLogger - Copying 2 resources
2022-09-07 16:09:45,904 [Worker-34: Launching dscatalog - DscatalogApplication] INFO  o.e.m.c.i.embedder.EclipseLogger - Copying 1 resource
2022-09-07 16:09:45,906 [Worker-34: Launching dscatalog - DscatalogApplication] INFO  o.e.m.c.i.embedder.EclipseLogger - Using 'UTF-8' encoding to copy filtered resources.
2022-09-07 16:09:45,906 [Worker-34: Launching dscatalog - DscatalogApplication] INFO  o.e.m.c.i.embedder.EclipseLogger - Using 'UTF-8' encoding to copy filtered properties files.
2022-09-07 16:09:45,906 [Worker-34: Launching dscatalog - DscatalogApplication] INFO  o.e.m.c.i.embedder.EclipseLogger - skip non existing resourceDirectory C:\projeto\ws-devsuperior\backend\src\test\resources
2022-09-07 16:14:54,084 [Worker-38: Building] INFO  o.e.m.c.i.embedder.EclipseLogger - Using 'UTF-8' encoding to copy filtered resources.
2022-09-07 16:14:54,085 [Worker-38: Building] INFO  o.e.m.c.i.embedder.EclipseLogger - Using 'UTF-8' encoding to copy filtered properties files.
2022-09-07 16:14:54,087 [Worker-38: Building] INFO  o.e.m.c.i.embedder.EclipseLogger - Copying 2 resources
2022-09-07 16:14:54,111 [Worker-38: Building] INFO  o.e.m.c.i.embedder.EclipseLogger - Copying 1 resource
2022-09-07 16:14:54,113 [Worker-38: Building] INFO  o.e.m.c.i.embedder.EclipseLogger - Using 'UTF-8' encoding to copy filtered resources.
2022-09-07 16:14:54,113 [Worker-38: Building] INFO  o.e.m.c.i.embedder.EclipseLogger - Using 'UTF-8' encoding to copy filtered properties files.
2022-09-07 16:14:54,113 [Worker-38: Building] INFO  o.e.m.c.i.embedder.EclipseLogger - skip non existing resourceDirectory C:\projeto\ws-devsuperior\backend\src\test\resources
2022-09-07 16:15:25,772 [Worker-37: Launching dscatalog - DscatalogApplication] INFO  o.e.m.c.i.embedder.EclipseLogger - Using 'UTF-8' encoding to copy filtered resources.
2022-09-07 16:15:25,772 [Worker-37: Launching dscatalog - DscatalogApplication] INFO  o.e.m.c.i.embedder.EclipseLogger - Using 'UTF-8' encoding to copy filtered properties files.
2022-09-07 16:15:25,773 [Worker-37: Launching dscatalog - DscatalogApplication] INFO  o.e.m.c.i.embedder.EclipseLogger - Copying 2 resources
2022-09-07 16:15:25,827 [Worker-37: Launching dscatalog - DscatalogApplication] INFO  o.e.m.c.i.embedder.EclipseLogger - Copying 1 resource
2022-09-07 16:15:25,834 [Worker-37: Launching dscatalog - DscatalogApplication] INFO  o.e.m.c.i.embedder.EclipseLogger - Using 'UTF-8' encoding to copy filtered resources.
2022-09-07 16:15:25,834 [Worker-37: Launching dscatalog - DscatalogApplication] INFO  o.e.m.c.i.embedder.EclipseLogger - Using 'UTF-8' encoding to copy filtered properties files.
2022-09-07 16:15:25,834 [Worker-37: Launching dscatalog - DscatalogApplication] INFO  o.e.m.c.i.embedder.EclipseLogger - skip non existing resourceDirectory C:\projeto\ws-devsuperior\backend\src\test\resources
2022-09-07 16:18:32,438 [Worker-38: Launching dscatalog - DscatalogApplication] INFO  o.e.m.c.i.embedder.EclipseLogger - Using 'UTF-8' encoding to copy filtered resources.
2022-09-07 16:18:32,439 [Worker-38: Launching dscatalog - DscatalogApplication] INFO  o.e.m.c.i.embedder.EclipseLogger - Using 'UTF-8' encoding to copy filtered properties files.
2022-09-07 16:18:32,439 [Worker-38: Launching dscatalog - DscatalogApplication] INFO  o.e.m.c.i.embedder.EclipseLogger - Copying 2 resources
2022-09-07 16:18:32,447 [Worker-38: Launching dscatalog - DscatalogApplication] INFO  o.e.m.c.i.embedder.EclipseLogger - Copying 1 resource
2022-09-07 16:18:32,449 [Worker-38: Launching dscatalog - DscatalogApplication] INFO  o.e.m.c.i.embedder.EclipseLogger - Using 'UTF-8' encoding to copy filtered resources.
2022-09-07 16:18:32,449 [Worker-38: Launching dscatalog - DscatalogApplication] INFO  o.e.m.c.i.embedder.EclipseLogger - Using 'UTF-8' encoding to copy filtered properties files.
2022-09-07 16:18:32,449 [Worker-38: Launching dscatalog - DscatalogApplication] INFO  o.e.m.c.i.embedder.EclipseLogger - skip non existing resourceDirectory C:\projeto\ws-devsuperior\backend\src\test\resources
2022-09-07 16:25:15,379 [Worker-38: Launching dscatalog - DscatalogApplication] INFO  o.e.m.c.i.embedder.EclipseLogger - Using 'UTF-8' encoding to copy filtered resources.
2022-09-07 16:25:15,379 [Worker-38: Launching dscatalog - DscatalogApplication] INFO  o.e.m.c.i.embedder.EclipseLogger - Using 'UTF-8' encoding to copy filtered properties files.
2022-09-07 16:25:15,380 [Worker-38: Launching dscatalog - DscatalogApplication] INFO  o.e.m.c.i.embedder.EclipseLogger - Copying 2 resources
2022-09-07 16:25:15,388 [Worker-38: Launching dscatalog - DscatalogApplication] INFO  o.e.m.c.i.embedder.EclipseLogger - Copying 1 resource
2022-09-07 16:25:15,394 [Worker-38: Launching dscatalog - DscatalogApplication] INFO  o.e.m.c.i.embedder.EclipseLogger - Using 'UTF-8' encoding to copy filtered resources.
2022-09-07 16:25:15,394 [Worker-38: Launching dscatalog - DscatalogApplication] INFO  o.e.m.c.i.embedder.EclipseLogger - Using 'UTF-8' encoding to copy filtered properties files.
2022-09-07 16:25:15,394 [Worker-38: Launching dscatalog - DscatalogApplication] INFO  o.e.m.c.i.embedder.EclipseLogger - skip non existing resourceDirectory C:\projeto\ws-devsuperior\backend\src\test\resources
2022-09-07 16:34:12,684 [Worker-48: Launching dscatalog - DscatalogApplication] INFO  o.e.m.c.i.embedder.EclipseLogger - Using 'UTF-8' encoding to copy filtered resources.
2022-09-07 16:34:12,684 [Worker-48: Launching dscatalog - DscatalogApplication] INFO  o.e.m.c.i.embedder.EclipseLogger - Using 'UTF-8' encoding to copy filtered properties files.
2022-09-07 16:34:12,685 [Worker-48: Launching dscatalog - DscatalogApplication] INFO  o.e.m.c.i.embedder.EclipseLogger - Copying 2 resources
2022-09-07 16:34:12,697 [Worker-48: Launching dscatalog - DscatalogApplication] INFO  o.e.m.c.i.embedder.EclipseLogger - Copying 1 resource
2022-09-07 16:34:12,699 [Worker-48: Launching dscatalog - DscatalogApplication] INFO  o.e.m.c.i.embedder.EclipseLogger - Using 'UTF-8' encoding to copy filtered resources.
2022-09-07 16:34:12,699 [Worker-48: Launching dscatalog - DscatalogApplication] INFO  o.e.m.c.i.embedder.EclipseLogger - Using 'UTF-8' encoding to copy filtered properties files.
2022-09-07 16:34:12,699 [Worker-48: Launching dscatalog - DscatalogApplication] INFO  o.e.m.c.i.embedder.EclipseLogger - skip non existing resourceDirectory C:\projeto\ws-devsuperior\backend\src\test\resources
2022-09-07 16:38:30,842 [Worker-51: Launching dscatalog - DscatalogApplication] INFO  o.e.m.c.i.embedder.EclipseLogger - Using 'UTF-8' encoding to copy filtered resources.
2022-09-07 16:38:30,842 [Worker-51: Launching dscatalog - DscatalogApplication] INFO  o.e.m.c.i.embedder.EclipseLogger - Using 'UTF-8' encoding to copy filtered properties files.
2022-09-07 16:38:30,843 [Worker-51: Launching dscatalog - DscatalogApplication] INFO  o.e.m.c.i.embedder.EclipseLogger - Copying 2 resources
2022-09-07 16:38:30,851 [Worker-51: Launching dscatalog - DscatalogApplication] INFO  o.e.m.c.i.embedder.EclipseLogger - Copying 1 resource
2022-09-07 16:38:30,853 [Worker-51: Launching dscatalog - DscatalogApplication] INFO  o.e.m.c.i.embedder.EclipseLogger - Using 'UTF-8' encoding to copy filtered resources.
2022-09-07 16:38:30,853 [Worker-51: Launching dscatalog - DscatalogApplication] INFO  o.e.m.c.i.embedder.EclipseLogger - Using 'UTF-8' encoding to copy filtered properties files.
2022-09-07 16:38:30,853 [Worker-51: Launching dscatalog - DscatalogApplication] INFO  o.e.m.c.i.embedder.EclipseLogger - skip non existing resourceDirectory C:\projeto\ws-devsuperior\backend\src\test\resources
2022-09-07 16:53:58,768 [Worker-0: Loading available Gradle versions] INFO  o.e.b.c.i.u.g.PublishedGradleVersions - Gradle version information cache is up-to-date. Trying to read.
2022-09-07 16:57:21,245 [Worker-5: Building] INFO  o.e.m.c.i.embedder.EclipseLogger - Using 'UTF-8' encoding to copy filtered resources.
2022-09-07 16:57:21,246 [Worker-5: Building] INFO  o.e.m.c.i.embedder.EclipseLogger - Using 'UTF-8' encoding to copy filtered properties files.
2022-09-07 16:57:21,251 [Worker-5: Building] INFO  o.e.m.c.i.embedder.EclipseLogger - Copying 2 resources
2022-09-07 16:57:21,292 [Worker-5: Building] INFO  o.e.m.c.i.embedder.EclipseLogger - Copying 1 resource
2022-09-07 16:57:21,301 [Worker-5: Building] INFO  o.e.m.c.i.embedder.EclipseLogger - Using 'UTF-8' encoding to copy filtered resources.
2022-09-07 16:57:21,301 [Worker-5: Building] INFO  o.e.m.c.i.embedder.EclipseLogger - Using 'UTF-8' encoding to copy filtered properties files.
2022-09-07 16:57:21,301 [Worker-5: Building] INFO  o.e.m.c.i.embedder.EclipseLogger - skip non existing resourceDirectory C:\projeto\ws-devsuperior\backend\src\test\resources
2022-09-07 16:59:12,098 [Worker-8: Building] INFO  o.e.m.c.i.embedder.EclipseLogger - Using 'UTF-8' encoding to copy filtered resources.
2022-09-07 16:59:12,098 [Worker-8: Building] INFO  o.e.m.c.i.embedder.EclipseLogger - Using 'UTF-8' encoding to copy filtered properties files.
2022-09-07 16:59:12,100 [Worker-8: Building] INFO  o.e.m.c.i.embedder.EclipseLogger - Copying 0 resource
2022-09-07 16:59:12,101 [Worker-8: Building] INFO  o.e.m.c.i.embedder.EclipseLogger - Copying 1 resource
2022-09-07 16:59:12,105 [Worker-8: Building] INFO  o.e.m.c.i.embedder.EclipseLogger - Using 'UTF-8' encoding to copy filtered resources.
2022-09-07 16:59:12,105 [Worker-8: Building] INFO  o.e.m.c.i.embedder.EclipseLogger - Using 'UTF-8' encoding to copy filtered properties files.
2022-09-07 16:59:12,105 [Worker-8: Building] INFO  o.e.m.c.i.embedder.EclipseLogger - skip non existing resourceDirectory C:\projeto\ws-devsuperior\backend\src\test\resources
2022-09-07 16:59:59,473 [Worker-0: Building] INFO  o.e.m.c.i.embedder.EclipseLogger - Using 'UTF-8' encoding to copy filtered resources.
2022-09-07 16:59:59,474 [Worker-0: Building] INFO  o.e.m.c.i.embedder.EclipseLogger - Using 'UTF-8' encoding to copy filtered properties files.
2022-09-07 16:59:59,475 [Worker-0: Building] INFO  o.e.m.c.i.embedder.EclipseLogger - Copying 0 resource
2022-09-07 16:59:59,476 [Worker-0: Building] INFO  o.e.m.c.i.embedder.EclipseLogger - Copying 0 resource
2022-09-07 16:59:59,479 [Worker-0: Building] INFO  o.e.m.c.i.embedder.EclipseLogger - Using 'UTF-8' encoding to copy filtered resources.
2022-09-07 16:59:59,479 [Worker-0: Building] INFO  o.e.m.c.i.embedder.EclipseLogger - Using 'UTF-8' encoding to copy filtered properties files.
2022-09-07 16:59:59,479 [Worker-0: Building] INFO  o.e.m.c.i.embedder.EclipseLogger - skip non existing resourceDirectory C:\projeto\ws-devsuperior\backend\src\test\resources
2022-09-07 17:56:41,956 [Worker-7: Building] INFO  o.e.m.c.i.embedder.EclipseLogger - Using 'UTF-8' encoding to copy filtered resources.
2022-09-07 17:56:41,957 [Worker-7: Building] INFO  o.e.m.c.i.embedder.EclipseLogger - Using 'UTF-8' encoding to copy filtered properties files.
2022-09-07 17:56:41,961 [Worker-7: Building] INFO  o.e.m.c.i.embedder.EclipseLogger - Copying 2 resources
2022-09-07 17:56:42,054 [Worker-7: Building] INFO  o.e.m.c.i.embedder.EclipseLogger - Copying 1 resource
2022-09-07 17:56:42,059 [Worker-7: Building] INFO  o.e.m.c.i.embedder.EclipseLogger - Using 'UTF-8' encoding to copy filtered resources.
2022-09-07 17:56:42,059 [Worker-7: Building] INFO  o.e.m.c.i.embedder.EclipseLogger - Using 'UTF-8' encoding to copy filtered properties files.
2022-09-07 17:56:42,060 [Worker-7: Building] INFO  o.e.m.c.i.embedder.EclipseLogger - skip non existing resourceDirectory C:\projeto\ws-devsuperior\backend\src\test\resources
2022-09-07 18:15:02,134 [Worker-11: Building] INFO  o.e.m.c.i.embedder.EclipseLogger - Using 'UTF-8' encoding to copy filtered resources.
2022-09-07 18:15:02,135 [Worker-11: Building] INFO  o.e.m.c.i.embedder.EclipseLogger - Using 'UTF-8' encoding to copy filtered properties files.
2022-09-07 18:15:02,135 [Worker-11: Building] INFO  o.e.m.c.i.embedder.EclipseLogger - Copying 0 resource
2022-09-07 18:15:02,135 [Worker-11: Building] INFO  o.e.m.c.i.embedder.EclipseLogger - Copying 1 resource
2022-09-07 18:15:02,140 [Worker-11: Building] INFO  o.e.m.c.i.embedder.EclipseLogger - Using 'UTF-8' encoding to copy filtered resources.
2022-09-07 18:15:02,141 [Worker-11: Building] INFO  o.e.m.c.i.embedder.EclipseLogger - Using 'UTF-8' encoding to copy filtered properties files.
2022-09-07 18:15:02,141 [Worker-11: Building] INFO  o.e.m.c.i.embedder.EclipseLogger - skip non existing resourceDirectory C:\projeto\ws-devsuperior\backend\src\test\resources
2022-09-07 18:15:15,229 [Worker-0: Launching dscatalog - DscatalogApplication] INFO  o.e.m.c.i.embedder.EclipseLogger - Using 'UTF-8' encoding to copy filtered resources.
2022-09-07 18:15:15,229 [Worker-0: Launching dscatalog - DscatalogApplication] INFO  o.e.m.c.i.embedder.EclipseLogger - Using 'UTF-8' encoding to copy filtered properties files.
2022-09-07 18:15:15,230 [Worker-0: Launching dscatalog - DscatalogApplication] INFO  o.e.m.c.i.embedder.EclipseLogger - Copying 2 resources
2022-09-07 18:15:15,263 [Worker-0: Launching dscatalog - DscatalogApplication] INFO  o.e.m.c.i.embedder.EclipseLogger - Copying 1 resource
2022-09-07 18:15:15,281 [Worker-0: Launching dscatalog - DscatalogApplication] INFO  o.e.m.c.i.embedder.EclipseLogger - Using 'UTF-8' encoding to copy filtered resources.
2022-09-07 18:15:15,281 [Worker-0: Launching dscatalog - DscatalogApplication] INFO  o.e.m.c.i.embedder.EclipseLogger - Using 'UTF-8' encoding to copy filtered properties files.
2022-09-07 18:15:15,281 [Worker-0: Launching dscatalog - DscatalogApplication] INFO  o.e.m.c.i.embedder.EclipseLogger - skip non existing resourceDirectory C:\projeto\ws-devsuperior\backend\src\test\resources
2022-09-07 18:21:36,358 [Worker-17: Building] INFO  o.e.m.c.i.embedder.EclipseLogger - Using 'UTF-8' encoding to copy filtered resources.
2022-09-07 18:21:36,359 [Worker-17: Building] INFO  o.e.m.c.i.embedder.EclipseLogger - Using 'UTF-8' encoding to copy filtered properties files.
2022-09-07 18:21:36,359 [Worker-17: Building] INFO  o.e.m.c.i.embedder.EclipseLogger - Copying 2 resources
2022-09-07 18:21:36,368 [Worker-17: Building] INFO  o.e.m.c.i.embedder.EclipseLogger - Copying 1 resource
2022-09-07 18:21:36,370 [Worker-17: Building] INFO  o.e.m.c.i.embedder.EclipseLogger - Using 'UTF-8' encoding to copy filtered resources.
2022-09-07 18:21:36,370 [Worker-17: Building] INFO  o.e.m.c.i.embedder.EclipseLogger - Using 'UTF-8' encoding to copy filtered properties files.
2022-09-07 18:21:36,370 [Worker-17: Building] INFO  o.e.m.c.i.embedder.EclipseLogger - skip non existing resourceDirectory C:\projeto\ws-devsuperior\backend\src\test\resources
2022-09-07 18:22:22,523 [Worker-16: Launching dscatalog - DscatalogApplication] INFO  o.e.m.c.i.embedder.EclipseLogger - Using 'UTF-8' encoding to copy filtered resources.
2022-09-07 18:22:22,523 [Worker-16: Launching dscatalog - DscatalogApplication] INFO  o.e.m.c.i.embedder.EclipseLogger - Using 'UTF-8' encoding to copy filtered properties files.
2022-09-07 18:22:22,524 [Worker-16: Launching dscatalog - DscatalogApplication] INFO  o.e.m.c.i.embedder.EclipseLogger - Copying 2 resources
2022-09-07 18:22:22,531 [Worker-16: Launching dscatalog - DscatalogApplication] INFO  o.e.m.c.i.embedder.EclipseLogger - Copying 1 resource
2022-09-07 18:22:22,534 [Worker-16: Launching dscatalog - DscatalogApplication] INFO  o.e.m.c.i.embedder.EclipseLogger - Using 'UTF-8' encoding to copy filtered resources.
2022-09-07 18:22:22,535 [Worker-16: Launching dscatalog - DscatalogApplication] INFO  o.e.m.c.i.embedder.EclipseLogger - Using 'UTF-8' encoding to copy filtered properties files.
2022-09-07 18:22:22,535 [Worker-16: Launching dscatalog - DscatalogApplication] INFO  o.e.m.c.i.embedder.EclipseLogger - skip non existing resourceDirectory C:\projeto\ws-devsuperior\backend\src\test\resources
2022-09-07 18:27:29,025 [Worker-23: Launching dscatalog - DscatalogApplication] INFO  o.e.m.c.i.embedder.EclipseLogger - Using 'UTF-8' encoding to copy filtered resources.
2022-09-07 18:27:29,025 [Worker-23: Launching dscatalog - DscatalogApplication] INFO  o.e.m.c.i.embedder.EclipseLogger - Using 'UTF-8' encoding to copy filtered properties files.
2022-09-07 18:27:29,026 [Worker-23: Launching dscatalog - DscatalogApplication] INFO  o.e.m.c.i.embedder.EclipseLogger - Copying 2 resources
2022-09-07 18:27:29,033 [Worker-23: Launching dscatalog - DscatalogApplication] INFO  o.e.m.c.i.embedder.EclipseLogger - Copying 1 resource
2022-09-07 18:27:29,035 [Worker-23: Launching dscatalog - DscatalogApplication] INFO  o.e.m.c.i.embedder.EclipseLogger - Using 'UTF-8' encoding to copy filtered resources.
2022-09-07 18:27:29,035 [Worker-23: Launching dscatalog - DscatalogApplication] INFO  o.e.m.c.i.embedder.EclipseLogger - Using 'UTF-8' encoding to copy filtered properties files.
2022-09-07 18:27:29,035 [Worker-23: Launching dscatalog - DscatalogApplication] INFO  o.e.m.c.i.embedder.EclipseLogger - skip non existing resourceDirectory C:\projeto\ws-devsuperior\backend\src\test\resources
2022-09-07 18:34:55,246 [Worker-23: Building] INFO  o.e.m.c.i.embedder.EclipseLogger - Using 'UTF-8' encoding to copy filtered resources.
2022-09-07 18:34:55,246 [Worker-23: Building] INFO  o.e.m.c.i.embedder.EclipseLogger - Using 'UTF-8' encoding to copy filtered properties files.
2022-09-07 18:34:55,248 [Worker-23: Building] INFO  o.e.m.c.i.embedder.EclipseLogger - Copying 2 resources
2022-09-07 18:34:55,259 [Worker-23: Building] INFO  o.e.m.c.i.embedder.EclipseLogger - Copying 1 resource
2022-09-07 18:34:55,262 [Worker-23: Building] INFO  o.e.m.c.i.embedder.EclipseLogger - Using 'UTF-8' encoding to copy filtered resources.
2022-09-07 18:34:55,262 [Worker-23: Building] INFO  o.e.m.c.i.embedder.EclipseLogger - Using 'UTF-8' encoding to copy filtered properties files.
2022-09-07 18:34:55,262 [Worker-23: Building] INFO  o.e.m.c.i.embedder.EclipseLogger - skip non existing resourceDirectory C:\projeto\ws-devsuperior\backend\src\test\resources
2022-09-07 18:45:30,652 [Worker-29: Building Workspace] INFO  o.e.m.c.i.embedder.EclipseLogger - Using 'UTF-8' encoding to copy filtered resources.
2022-09-07 18:45:30,652 [Worker-29: Building Workspace] INFO  o.e.m.c.i.embedder.EclipseLogger - Using 'UTF-8' encoding to copy filtered properties files.
2022-09-07 18:45:30,654 [Worker-29: Building Workspace] INFO  o.e.m.c.i.embedder.EclipseLogger - Copying 2 resources
2022-09-07 18:45:30,665 [Worker-29: Building Workspace] INFO  o.e.m.c.i.embedder.EclipseLogger - Copying 1 resource
2022-09-07 18:45:30,669 [Worker-29: Building Workspace] INFO  o.e.m.c.i.embedder.EclipseLogger - Using 'UTF-8' encoding to copy filtered resources.
2022-09-07 18:45:30,669 [Worker-29: Building Workspace] INFO  o.e.m.c.i.embedder.EclipseLogger - Using 'UTF-8' encoding to copy filtered properties files.
2022-09-07 18:45:30,669 [Worker-29: Building Workspace] INFO  o.e.m.c.i.embedder.EclipseLogger - skip non existing resourceDirectory C:\projeto\ws-devsuperior\backend\src\test\resources
2022-09-07 18:48:20,944 [Worker-32: Building Workspace] INFO  o.e.m.c.i.embedder.EclipseLogger - Using 'UTF-8' encoding to copy filtered resources.
2022-09-07 18:48:20,945 [Worker-32: Building Workspace] INFO  o.e.m.c.i.embedder.EclipseLogger - Using 'UTF-8' encoding to copy filtered properties files.
2022-09-07 18:48:20,945 [Worker-32: Building Workspace] INFO  o.e.m.c.i.embedder.EclipseLogger - Copying 2 resources
2022-09-07 18:48:20,954 [Worker-32: Building Workspace] INFO  o.e.m.c.i.embedder.EclipseLogger - Copying 1 resource
2022-09-07 18:48:20,956 [Worker-32: Building Workspace] INFO  o.e.m.c.i.embedder.EclipseLogger - Using 'UTF-8' encoding to copy filtered resources.
2022-09-07 18:48:20,956 [Worker-32: Building Workspace] INFO  o.e.m.c.i.embedder.EclipseLogger - Using 'UTF-8' encoding to copy filtered properties files.
2022-09-07 18:48:20,956 [Worker-32: Building Workspace] INFO  o.e.m.c.i.embedder.EclipseLogger - skip non existing resourceDirectory C:\projeto\ws-devsuperior\backend\src\test\resources
2022-09-07 18:53:02,186 [Worker-36: Launching dscatalog - DscatalogApplication] INFO  o.e.m.c.i.embedder.EclipseLogger - Using 'UTF-8' encoding to copy filtered resources.
2022-09-07 18:53:02,186 [Worker-36: Launching dscatalog - DscatalogApplication] INFO  o.e.m.c.i.embedder.EclipseLogger - Using 'UTF-8' encoding to copy filtered properties files.
2022-09-07 18:53:02,187 [Worker-36: Launching dscatalog - DscatalogApplication] INFO  o.e.m.c.i.embedder.EclipseLogger - Copying 2 resources
2022-09-07 18:53:02,194 [Worker-36: Launching dscatalog - DscatalogApplication] INFO  o.e.m.c.i.embedder.EclipseLogger - Copying 1 resource
2022-09-07 18:53:02,197 [Worker-36: Launching dscatalog - DscatalogApplication] INFO  o.e.m.c.i.embedder.EclipseLogger - Using 'UTF-8' encoding to copy filtered resources.
2022-09-07 18:53:02,197 [Worker-36: Launching dscatalog - DscatalogApplication] INFO  o.e.m.c.i.embedder.EclipseLogger - Using 'UTF-8' encoding to copy filtered properties files.
2022-09-07 18:53:02,197 [Worker-36: Launching dscatalog - DscatalogApplication] INFO  o.e.m.c.i.embedder.EclipseLogger - skip non existing resourceDirectory C:\projeto\ws-devsuperior\backend\src\test\resources
2022-09-07 19:28:44,744 [Worker-44: Launching dscatalog - DscatalogApplication] INFO  o.e.m.c.i.embedder.EclipseLogger - Using 'UTF-8' encoding to copy filtered resources.
2022-09-07 19:28:44,745 [Worker-44: Launching dscatalog - DscatalogApplication] INFO  o.e.m.c.i.embedder.EclipseLogger - Using 'UTF-8' encoding to copy filtered properties files.
2022-09-07 19:28:44,745 [Worker-44: Launching dscatalog - DscatalogApplication] INFO  o.e.m.c.i.embedder.EclipseLogger - Copying 2 resources
2022-09-07 19:28:44,789 [Worker-44: Launching dscatalog - DscatalogApplication] INFO  o.e.m.c.i.embedder.EclipseLogger - Copying 1 resource
2022-09-07 19:28:44,795 [Worker-44: Launching dscatalog - DscatalogApplication] INFO  o.e.m.c.i.embedder.EclipseLogger - Using 'UTF-8' encoding to copy filtered resources.
2022-09-07 19:28:44,795 [Worker-44: Launching dscatalog - DscatalogApplication] INFO  o.e.m.c.i.embedder.EclipseLogger - Using 'UTF-8' encoding to copy filtered properties files.
2022-09-07 19:28:44,795 [Worker-44: Launching dscatalog - DscatalogApplication] INFO  o.e.m.c.i.embedder.EclipseLogger - skip non existing resourceDirectory C:\projeto\ws-devsuperior\backend\src\test\resources
2022-09-07 19:30:57,752 [Worker-44: Launching dscatalog - DscatalogApplication] INFO  o.e.m.c.i.embedder.EclipseLogger - Using 'UTF-8' encoding to copy filtered resources.
2022-09-07 19:30:57,752 [Worker-44: Launching dscatalog - DscatalogApplication] INFO  o.e.m.c.i.embedder.EclipseLogger - Using 'UTF-8' encoding to copy filtered properties files.
2022-09-07 19:30:57,753 [Worker-44: Launching dscatalog - DscatalogApplication] INFO  o.e.m.c.i.embedder.EclipseLogger - Copying 2 resources
2022-09-07 19:30:57,762 [Worker-44: Launching dscatalog - DscatalogApplication] INFO  o.e.m.c.i.embedder.EclipseLogger - Copying 1 resource
2022-09-07 19:30:57,764 [Worker-44: Launching dscatalog - DscatalogApplication] INFO  o.e.m.c.i.embedder.EclipseLogger - Using 'UTF-8' encoding to copy filtered resources.
2022-09-07 19:30:57,764 [Worker-44: Launching dscatalog - DscatalogApplication] INFO  o.e.m.c.i.embedder.EclipseLogger - Using 'UTF-8' encoding to copy filtered properties files.
2022-09-07 19:30:57,764 [Worker-44: Launching dscatalog - DscatalogApplication] INFO  o.e.m.c.i.embedder.EclipseLogger - skip non existing resourceDirectory C:\projeto\ws-devsuperior\backend\src\test\resources
2022-09-07 19:32:52,385 [Worker-43: Launching dscatalog - DscatalogApplication] INFO  o.e.m.c.i.embedder.EclipseLogger - Using 'UTF-8' encoding to copy filtered resources.
2022-09-07 19:32:52,385 [Worker-43: Launching dscatalog - DscatalogApplication] INFO  o.e.m.c.i.embedder.EclipseLogger - Using 'UTF-8' encoding to copy filtered properties files.
2022-09-07 19:32:52,386 [Worker-43: Launching dscatalog - DscatalogApplication] INFO  o.e.m.c.i.embedder.EclipseLogger - Copying 2 resources
2022-09-07 19:32:52,395 [Worker-43: Launching dscatalog - DscatalogApplication] INFO  o.e.m.c.i.embedder.EclipseLogger - Copying 1 resource
2022-09-07 19:32:52,398 [Worker-43: Launching dscatalog - DscatalogApplication] INFO  o.e.m.c.i.embedder.EclipseLogger - Using 'UTF-8' encoding to copy filtered resources.
2022-09-07 19:32:52,398 [Worker-43: Launching dscatalog - DscatalogApplication] INFO  o.e.m.c.i.embedder.EclipseLogger - Using 'UTF-8' encoding to copy filtered properties files.
2022-09-07 19:32:52,399 [Worker-43: Launching dscatalog - DscatalogApplication] INFO  o.e.m.c.i.embedder.EclipseLogger - skip non existing resourceDirectory C:\projeto\ws-devsuperior\backend\src\test\resources
2022-09-07 19:36:32,222 [Worker-42: Launching dscatalog - DscatalogApplication] INFO  o.e.m.c.i.embedder.EclipseLogger - Using 'UTF-8' encoding to copy filtered resources.
2022-09-07 19:36:32,222 [Worker-42: Launching dscatalog - DscatalogApplication] INFO  o.e.m.c.i.embedder.EclipseLogger - Using 'UTF-8' encoding to copy filtered properties files.
2022-09-07 19:36:32,223 [Worker-42: Launching dscatalog - DscatalogApplication] INFO  o.e.m.c.i.embedder.EclipseLogger - Copying 2 resources
2022-09-07 19:36:32,235 [Worker-42: Launching dscatalog - DscatalogApplication] INFO  o.e.m.c.i.embedder.EclipseLogger - Copying 1 resource
2022-09-07 19:36:32,237 [Worker-42: Launching dscatalog - DscatalogApplication] INFO  o.e.m.c.i.embedder.EclipseLogger - Using 'UTF-8' encoding to copy filtered resources.
2022-09-07 19:36:32,237 [Worker-42: Launching dscatalog - DscatalogApplication] INFO  o.e.m.c.i.embedder.EclipseLogger - Using 'UTF-8' encoding to copy filtered properties files.
2022-09-07 19:36:32,237 [Worker-42: Launching dscatalog - DscatalogApplication] INFO  o.e.m.c.i.embedder.EclipseLogger - skip non existing resourceDirectory C:\projeto\ws-devsuperior\backend\src\test\resources
2022-09-07 19:42:01,282 [Worker-54: Building Workspace] INFO  o.e.m.c.i.embedder.EclipseLogger - Using 'UTF-8' encoding to copy filtered resources.
2022-09-07 19:42:01,283 [Worker-54: Building Workspace] INFO  o.e.m.c.i.embedder.EclipseLogger - Using 'UTF-8' encoding to copy filtered properties files.
2022-09-07 19:42:01,283 [Worker-54: Building Workspace] INFO  o.e.m.c.i.embedder.EclipseLogger - Copying 2 resources
2022-09-07 19:42:01,290 [Worker-54: Building Workspace] INFO  o.e.m.c.i.embedder.EclipseLogger - Copying 1 resource
2022-09-07 19:42:01,292 [Worker-54: Building Workspace] INFO  o.e.m.c.i.embedder.EclipseLogger - Using 'UTF-8' encoding to copy filtered resources.
2022-09-07 19:42:01,292 [Worker-54: Building Workspace] INFO  o.e.m.c.i.embedder.EclipseLogger - Using 'UTF-8' encoding to copy filtered properties files.
2022-09-07 19:42:01,292 [Worker-54: Building Workspace] INFO  o.e.m.c.i.embedder.EclipseLogger - skip non existing resourceDirectory C:\projeto\ws-devsuperior\backend\src\test\resources
2022-09-07 19:56:12,708 [Worker-52: Launching dscatalog - DscatalogApplication] INFO  o.e.m.c.i.embedder.EclipseLogger - Using 'UTF-8' encoding to copy filtered resources.
2022-09-07 19:56:12,709 [Worker-52: Launching dscatalog - DscatalogApplication] INFO  o.e.m.c.i.embedder.EclipseLogger - Using 'UTF-8' encoding to copy filtered properties files.
2022-09-07 19:56:12,709 [Worker-52: Launching dscatalog - DscatalogApplication] INFO  o.e.m.c.i.embedder.EclipseLogger - Copying 2 resources
2022-09-07 19:56:12,721 [Worker-52: Launching dscatalog - DscatalogApplication] INFO  o.e.m.c.i.embedder.EclipseLogger - Copying 1 resource
2022-09-07 19:56:12,724 [Worker-52: Launching dscatalog - DscatalogApplication] INFO  o.e.m.c.i.embedder.EclipseLogger - Using 'UTF-8' encoding to copy filtered resources.
2022-09-07 19:56:12,724 [Worker-52: Launching dscatalog - DscatalogApplication] INFO  o.e.m.c.i.embedder.EclipseLogger - Using 'UTF-8' encoding to copy filtered properties files.
2022-09-07 19:56:12,724 [Worker-52: Launching dscatalog - DscatalogApplication] INFO  o.e.m.c.i.embedder.EclipseLogger - skip non existing resourceDirectory C:\projeto\ws-devsuperior\backend\src\test\resources
2022-09-07 20:01:28,459 [Worker-59: Launching dscatalog - DscatalogApplication] INFO  o.e.m.c.i.embedder.EclipseLogger - Using 'UTF-8' encoding to copy filtered resources.
2022-09-07 20:01:28,460 [Worker-59: Launching dscatalog - DscatalogApplication] INFO  o.e.m.c.i.embedder.EclipseLogger - Using 'UTF-8' encoding to copy filtered properties files.
2022-09-07 20:01:28,460 [Worker-59: Launching dscatalog - DscatalogApplication] INFO  o.e.m.c.i.embedder.EclipseLogger - Copying 2 resources
2022-09-07 20:01:28,466 [Worker-59: Launching dscatalog - DscatalogApplication] INFO  o.e.m.c.i.embedder.EclipseLogger - Copying 1 resource
2022-09-07 20:01:28,468 [Worker-59: Launching dscatalog - DscatalogApplication] INFO  o.e.m.c.i.embedder.EclipseLogger - Using 'UTF-8' encoding to copy filtered resources.
2022-09-07 20:01:28,468 [Worker-59: Launching dscatalog - DscatalogApplication] INFO  o.e.m.c.i.embedder.EclipseLogger - Using 'UTF-8' encoding to copy filtered properties files.
2022-09-07 20:01:28,468 [Worker-59: Launching dscatalog - DscatalogApplication] INFO  o.e.m.c.i.embedder.EclipseLogger - skip non existing resourceDirectory C:\projeto\ws-devsuperior\backend\src\test\resources
2022-09-07 20:15:41,670 [Worker-66: Building] INFO  o.e.m.c.i.embedder.EclipseLogger - Using 'UTF-8' encoding to copy filtered resources.
2022-09-07 20:15:41,671 [Worker-66: Building] INFO  o.e.m.c.i.embedder.EclipseLogger - Using 'UTF-8' encoding to copy filtered properties files.
2022-09-07 20:15:41,671 [Worker-66: Building] INFO  o.e.m.c.i.embedder.EclipseLogger - Copying 2 resources
2022-09-07 20:15:41,683 [Worker-66: Building] INFO  o.e.m.c.i.embedder.EclipseLogger - Copying 1 resource
2022-09-07 20:15:41,686 [Worker-66: Building] INFO  o.e.m.c.i.embedder.EclipseLogger - Using 'UTF-8' encoding to copy filtered resources.
2022-09-07 20:15:41,686 [Worker-66: Building] INFO  o.e.m.c.i.embedder.EclipseLogger - Using 'UTF-8' encoding to copy filtered properties files.
2022-09-07 20:15:41,686 [Worker-66: Building] INFO  o.e.m.c.i.embedder.EclipseLogger - skip non existing resourceDirectory C:\projeto\ws-devsuperior\backend\src\test\resources
2022-09-07 20:15:48,030 [Worker-67: Building] INFO  o.e.m.c.i.embedder.EclipseLogger - Using 'UTF-8' encoding to copy filtered resources.
2022-09-07 20:15:48,030 [Worker-67: Building] INFO  o.e.m.c.i.embedder.EclipseLogger - Using 'UTF-8' encoding to copy filtered properties files.
2022-09-07 20:15:48,032 [Worker-67: Building] INFO  o.e.m.c.i.embedder.EclipseLogger - Copying 2 resources
2022-09-07 20:15:48,041 [Worker-67: Building] INFO  o.e.m.c.i.embedder.EclipseLogger - Copying 1 resource
2022-09-07 20:15:48,043 [Worker-67: Building] INFO  o.e.m.c.i.embedder.EclipseLogger - Using 'UTF-8' encoding to copy filtered resources.
2022-09-07 20:15:48,043 [Worker-67: Building] INFO  o.e.m.c.i.embedder.EclipseLogger - Using 'UTF-8' encoding to copy filtered properties files.
2022-09-07 20:15:48,043 [Worker-67: Building] INFO  o.e.m.c.i.embedder.EclipseLogger - skip non existing resourceDirectory C:\projeto\ws-devsuperior\backend\src\test\resources
2022-09-07 20:21:44,379 [Worker-69: Building] INFO  o.e.m.c.i.embedder.EclipseLogger - Using 'UTF-8' encoding to copy filtered resources.
2022-09-07 20:21:44,379 [Worker-69: Building] INFO  o.e.m.c.i.embedder.EclipseLogger - Using 'UTF-8' encoding to copy filtered properties files.
2022-09-07 20:21:44,380 [Worker-69: Building] INFO  o.e.m.c.i.embedder.EclipseLogger - Copying 2 resources
2022-09-07 20:21:44,389 [Worker-69: Building] INFO  o.e.m.c.i.embedder.EclipseLogger - Copying 1 resource
2022-09-07 20:21:44,390 [Worker-69: Building] INFO  o.e.m.c.i.embedder.EclipseLogger - Using 'UTF-8' encoding to copy filtered resources.
2022-09-07 20:21:44,391 [Worker-69: Building] INFO  o.e.m.c.i.embedder.EclipseLogger - Using 'UTF-8' encoding to copy filtered properties files.
2022-09-07 20:21:44,391 [Worker-69: Building] INFO  o.e.m.c.i.embedder.EclipseLogger - skip non existing resourceDirectory C:\projeto\ws-devsuperior\backend\src\test\resources
2022-09-07 20:21:59,979 [Worker-68: Launching dscatalog - DscatalogApplication] INFO  o.e.m.c.i.embedder.EclipseLogger - Using 'UTF-8' encoding to copy filtered resources.
2022-09-07 20:21:59,980 [Worker-68: Launching dscatalog - DscatalogApplication] INFO  o.e.m.c.i.embedder.EclipseLogger - Using 'UTF-8' encoding to copy filtered properties files.
2022-09-07 20:21:59,980 [Worker-68: Launching dscatalog - DscatalogApplication] INFO  o.e.m.c.i.embedder.EclipseLogger - Copying 2 resources
2022-09-07 20:21:59,988 [Worker-68: Launching dscatalog - DscatalogApplication] INFO  o.e.m.c.i.embedder.EclipseLogger - Copying 1 resource
2022-09-07 20:21:59,991 [Worker-68: Launching dscatalog - DscatalogApplication] INFO  o.e.m.c.i.embedder.EclipseLogger - Using 'UTF-8' encoding to copy filtered resources.
2022-09-07 20:21:59,991 [Worker-68: Launching dscatalog - DscatalogApplication] INFO  o.e.m.c.i.embedder.EclipseLogger - Using 'UTF-8' encoding to copy filtered properties files.
2022-09-07 20:21:59,991 [Worker-68: Launching dscatalog - DscatalogApplication] INFO  o.e.m.c.i.embedder.EclipseLogger - skip non existing resourceDirectory C:\projeto\ws-devsuperior\backend\src\test\resources
2022-09-07 20:25:57,809 [Worker-60: Launching dscatalog - DscatalogApplication] INFO  o.e.m.c.i.embedder.EclipseLogger - Using 'UTF-8' encoding to copy filtered resources.
2022-09-07 20:25:57,809 [Worker-60: Launching dscatalog - DscatalogApplication] INFO  o.e.m.c.i.embedder.EclipseLogger - Using 'UTF-8' encoding to copy filtered properties files.
2022-09-07 20:25:57,810 [Worker-60: Launching dscatalog - DscatalogApplication] INFO  o.e.m.c.i.embedder.EclipseLogger - Copying 2 resources
2022-09-07 20:25:57,823 [Worker-60: Launching dscatalog - DscatalogApplication] INFO  o.e.m.c.i.embedder.EclipseLogger - Copying 1 resource
2022-09-07 20:25:57,826 [Worker-60: Launching dscatalog - DscatalogApplication] INFO  o.e.m.c.i.embedder.EclipseLogger - Using 'UTF-8' encoding to copy filtered resources.
2022-09-07 20:25:57,826 [Worker-60: Launching dscatalog - DscatalogApplication] INFO  o.e.m.c.i.embedder.EclipseLogger - Using 'UTF-8' encoding to copy filtered properties files.
2022-09-07 20:25:57,826 [Worker-60: Launching dscatalog - DscatalogApplication] INFO  o.e.m.c.i.embedder.EclipseLogger - skip non existing resourceDirectory C:\projeto\ws-devsuperior\backend\src\test\resources
2022-09-07 21:24:02,569 [Worker-60: Launching dscatalog - DscatalogApplication] INFO  o.e.m.c.i.embedder.EclipseLogger - Using 'UTF-8' encoding to copy filtered resources.
2022-09-07 21:24:02,570 [Worker-60: Launching dscatalog - DscatalogApplication] INFO  o.e.m.c.i.embedder.EclipseLogger - Using 'UTF-8' encoding to copy filtered properties files.
2022-09-07 21:24:02,570 [Worker-60: Launching dscatalog - DscatalogApplication] INFO  o.e.m.c.i.embedder.EclipseLogger - Copying 2 resources
2022-09-07 21:24:02,592 [Worker-60: Launching dscatalog - DscatalogApplication] INFO  o.e.m.c.i.embedder.EclipseLogger - Copying 1 resource
2022-09-07 21:24:02,594 [Worker-60: Launching dscatalog - DscatalogApplication] INFO  o.e.m.c.i.embedder.EclipseLogger - Using 'UTF-8' encoding to copy filtered resources.
2022-09-07 21:24:02,594 [Worker-60: Launching dscatalog - DscatalogApplication] INFO  o.e.m.c.i.embedder.EclipseLogger - Using 'UTF-8' encoding to copy filtered properties files.
2022-09-07 21:24:02,594 [Worker-60: Launching dscatalog - DscatalogApplication] INFO  o.e.m.c.i.embedder.EclipseLogger - skip non existing resourceDirectory C:\projeto\ws-devsuperior\backend\src\test\resources
